  main.cpp
C:\Users\Karim Amr\source\repos\main\main\main.cpp(224,38): warning C4244: '=': conversion from 'double' to 'float', possible loss of data
C:\Users\Karim Amr\source\repos\main\main\main.cpp(234,11): warning C4305: 'argument': truncation from '__int64' to 'unsigned int'
C:\Users\Karim Amr\source\repos\main\main\main.cpp(234,11): warning C4309: 'argument': truncation of constant value
C:\Users\Karim Amr\source\repos\main\main\main.cpp(280,83): warning C4244: 'argument': conversion from 'float' to 'int', possible loss of data
C:\Users\Karim Amr\source\repos\main\main\main.cpp(280,45): warning C4244: 'argument': conversion from 'float' to 'int', possible loss of data
C:\Users\Karim Amr\source\repos\main\main\main.cpp(281,83): warning C4244: 'argument': conversion from 'float' to 'int', possible loss of data
C:\Users\Karim Amr\source\repos\main\main\main.cpp(281,45): warning C4244: 'argument': conversion from 'float' to 'int', possible loss of data
C:\Users\Karim Amr\source\repos\main\main\main.cpp(282,83): warning C4244: 'argument': conversion from 'float' to 'int', possible loss of data
C:\Users\Karim Amr\source\repos\main\main\main.cpp(282,45): warning C4244: 'argument': conversion from 'float' to 'int', possible loss of data
C:\Users\Karim Amr\source\repos\main\main\main.cpp(283,83): warning C4244: 'argument': conversion from 'float' to 'int', possible loss of data
C:\Users\Karim Amr\source\repos\main\main\main.cpp(283,45): warning C4244: 'argument': conversion from 'float' to 'int', possible loss of data
C:\Users\Karim Amr\source\repos\main\main\main.cpp(284,83): warning C4244: 'argument': conversion from 'float' to 'int', possible loss of data
C:\Users\Karim Amr\source\repos\main\main\main.cpp(284,45): warning C4244: 'argument': conversion from 'float' to 'int', possible loss of data
C:\Users\Karim Amr\source\repos\main\main\main.cpp(447,18): warning C4838: conversion from 'float' to 'int' requires a narrowing conversion
C:\Users\Karim Amr\source\repos\main\main\main.cpp(447,18): warning C4244: 'initializing': conversion from 'float' to 'int', possible loss of data
C:\Users\Karim Amr\source\repos\main\main\main.cpp(467,67): warning C4838: conversion from 'int' to 'float' requires a narrowing conversion
C:\Users\Karim Amr\source\repos\main\main\main.cpp(467,67): warning C4244: 'initializing': conversion from 'int' to 'float', possible loss of data
C:\Users\Karim Amr\source\repos\main\main\main.cpp(467,92): warning C4838: conversion from 'int' to 'float' requires a narrowing conversion
C:\Users\Karim Amr\source\repos\main\main\main.cpp(467,92): warning C4244: 'initializing': conversion from 'int' to 'float', possible loss of data
C:\Users\Karim Amr\source\repos\main\main\main.cpp(468,66): warning C4838: conversion from 'int' to 'float' requires a narrowing conversion
C:\Users\Karim Amr\source\repos\main\main\main.cpp(468,66): warning C4244: 'initializing': conversion from 'int' to 'float', possible loss of data
C:\Users\Karim Amr\source\repos\main\main\main.cpp(468,91): warning C4838: conversion from 'int' to 'float' requires a narrowing conversion
C:\Users\Karim Amr\source\repos\main\main\main.cpp(468,91): warning C4244: 'initializing': conversion from 'int' to 'float', possible loss of data
C:\Users\Karim Amr\source\repos\main\main\main.cpp(469,60): warning C4838: conversion from 'int' to 'float' requires a narrowing conversion
C:\Users\Karim Amr\source\repos\main\main\main.cpp(469,60): warning C4244: 'initializing': conversion from 'int' to 'float', possible loss of data
C:\Users\Karim Amr\source\repos\main\main\main.cpp(469,85): warning C4838: conversion from 'int' to 'float' requires a narrowing conversion
C:\Users\Karim Amr\source\repos\main\main\main.cpp(469,85): warning C4244: 'initializing': conversion from 'int' to 'float', possible loss of data
C:\Users\Karim Amr\source\repos\main\main\main.cpp(470,64): warning C4838: conversion from 'int' to 'float' requires a narrowing conversion
C:\Users\Karim Amr\source\repos\main\main\main.cpp(470,64): warning C4244: 'initializing': conversion from 'int' to 'float', possible loss of data
C:\Users\Karim Amr\source\repos\main\main\main.cpp(470,89): warning C4838: conversion from 'int' to 'float' requires a narrowing conversion
C:\Users\Karim Amr\source\repos\main\main\main.cpp(470,89): warning C4244: 'initializing': conversion from 'int' to 'float', possible loss of data
C:\Users\Karim Amr\source\repos\main\main\main.cpp(471,59): warning C4838: conversion from 'int' to 'float' requires a narrowing conversion
C:\Users\Karim Amr\source\repos\main\main\main.cpp(471,59): warning C4244: 'initializing': conversion from 'int' to 'float', possible loss of data
C:\Users\Karim Amr\source\repos\main\main\main.cpp(471,84): warning C4838: conversion from 'int' to 'float' requires a narrowing conversion
C:\Users\Karim Amr\source\repos\main\main\main.cpp(471,84): warning C4244: 'initializing': conversion from 'int' to 'float', possible loss of data
C:\Users\Karim Amr\source\repos\main\main\main.cpp(609,59): warning C4838: conversion from 'int' to 'float' requires a narrowing conversion
C:\Users\Karim Amr\source\repos\main\main\main.cpp(609,59): warning C4244: 'initializing': conversion from 'int' to 'float', possible loss of data
C:\Users\Karim Amr\source\repos\main\main\main.cpp(609,84): warning C4838: conversion from 'int' to 'float' requires a narrowing conversion
C:\Users\Karim Amr\source\repos\main\main\main.cpp(609,84): warning C4244: 'initializing': conversion from 'int' to 'float', possible loss of data
C:\Users\Karim Amr\source\repos\main\main\main.cpp(610,59): warning C4838: conversion from 'int' to 'float' requires a narrowing conversion
C:\Users\Karim Amr\source\repos\main\main\main.cpp(610,59): warning C4244: 'initializing': conversion from 'int' to 'float', possible loss of data
C:\Users\Karim Amr\source\repos\main\main\main.cpp(610,84): warning C4838: conversion from 'int' to 'float' requires a narrowing conversion
C:\Users\Karim Amr\source\repos\main\main\main.cpp(610,84): warning C4244: 'initializing': conversion from 'int' to 'float', possible loss of data
C:\Users\Karim Amr\source\repos\main\main\main.cpp(611,47): warning C4838: conversion from 'int' to 'float' requires a narrowing conversion
C:\Users\Karim Amr\source\repos\main\main\main.cpp(611,47): warning C4244: 'initializing': conversion from 'int' to 'float', possible loss of data
C:\Users\Karim Amr\source\repos\main\main\main.cpp(611,72): warning C4838: conversion from 'int' to 'float' requires a narrowing conversion
C:\Users\Karim Amr\source\repos\main\main\main.cpp(611,72): warning C4244: 'initializing': conversion from 'int' to 'float', possible loss of data
C:\Users\Karim Amr\source\repos\main\main\main.cpp(647,60): warning C4838: conversion from 'int' to 'float' requires a narrowing conversion
C:\Users\Karim Amr\source\repos\main\main\main.cpp(647,60): warning C4244: 'initializing': conversion from 'int' to 'float', possible loss of data
C:\Users\Karim Amr\source\repos\main\main\main.cpp(647,85): warning C4838: conversion from 'int' to 'float' requires a narrowing conversion
C:\Users\Karim Amr\source\repos\main\main\main.cpp(647,85): warning C4244: 'initializing': conversion from 'int' to 'float', possible loss of data
C:\Users\Karim Amr\source\repos\main\main\main.cpp(648,60): warning C4838: conversion from 'int' to 'float' requires a narrowing conversion
C:\Users\Karim Amr\source\repos\main\main\main.cpp(648,60): warning C4244: 'initializing': conversion from 'int' to 'float', possible loss of data
C:\Users\Karim Amr\source\repos\main\main\main.cpp(648,85): warning C4838: conversion from 'int' to 'float' requires a narrowing conversion
C:\Users\Karim Amr\source\repos\main\main\main.cpp(648,85): warning C4244: 'initializing': conversion from 'int' to 'float', possible loss of data
C:\Users\Karim Amr\source\repos\main\main\main.cpp(689,59): warning C4838: conversion from 'int' to 'float' requires a narrowing conversion
C:\Users\Karim Amr\source\repos\main\main\main.cpp(689,59): warning C4244: 'initializing': conversion from 'int' to 'float', possible loss of data
C:\Users\Karim Amr\source\repos\main\main\main.cpp(689,84): warning C4838: conversion from 'int' to 'float' requires a narrowing conversion
C:\Users\Karim Amr\source\repos\main\main\main.cpp(689,84): warning C4244: 'initializing': conversion from 'int' to 'float', possible loss of data
C:\Users\Karim Amr\source\repos\main\main\main.cpp(690,62): warning C4838: conversion from 'int' to 'float' requires a narrowing conversion
C:\Users\Karim Amr\source\repos\main\main\main.cpp(690,62): warning C4244: 'initializing': conversion from 'int' to 'float', possible loss of data
C:\Users\Karim Amr\source\repos\main\main\main.cpp(690,87): warning C4838: conversion from 'int' to 'float' requires a narrowing conversion
C:\Users\Karim Amr\source\repos\main\main\main.cpp(690,87): warning C4244: 'initializing': conversion from 'int' to 'float', possible loss of data
C:\Users\Karim Amr\source\repos\main\main\main.cpp(691,47): warning C4838: conversion from 'int' to 'float' requires a narrowing conversion
C:\Users\Karim Amr\source\repos\main\main\main.cpp(691,47): warning C4244: 'initializing': conversion from 'int' to 'float', possible loss of data
C:\Users\Karim Amr\source\repos\main\main\main.cpp(691,72): warning C4838: conversion from 'int' to 'float' requires a narrowing conversion
C:\Users\Karim Amr\source\repos\main\main\main.cpp(691,72): warning C4244: 'initializing': conversion from 'int' to 'float', possible loss of data
C:\Users\Karim Amr\source\repos\main\main\main.cpp(751,73): warning C4244: 'argument': conversion from 'float' to 'int', possible loss of data
C:\Users\Karim Amr\source\repos\main\main\main.cpp(751,49): warning C4244: 'argument': conversion from 'float' to 'int', possible loss of data
C:\Users\Karim Amr\source\repos\main\main\main.cpp(755,75): warning C4244: 'argument': conversion from 'float' to 'int', possible loss of data
C:\Users\Karim Amr\source\repos\main\main\main.cpp(755,50): warning C4244: 'argument': conversion from 'float' to 'int', possible loss of data
C:\Users\Karim Amr\source\repos\main\main\main.cpp(1008,54): warning C4244: '=': conversion from 'int' to 'float', possible loss of data
C:\Users\Karim Amr\source\repos\main\main\main.cpp(1009,59): warning C4244: '=': conversion from 'int' to 'float', possible loss of data
C:\Users\Karim Amr\source\repos\main\main\main.cpp(1010,60): warning C4244: '=': conversion from 'int' to 'float', possible loss of data
C:\Users\Karim Amr\source\repos\main\main\main.cpp(1021,58): warning C4244: '=': conversion from 'double' to 'float', possible loss of data
C:\Users\Karim Amr\source\repos\main\main\main.cpp(1084,72): warning C4838: conversion from 'int' to 'float' requires a narrowing conversion
C:\Users\Karim Amr\source\repos\main\main\main.cpp(1084,72): warning C4244: 'initializing': conversion from 'int' to 'float', possible loss of data
C:\Users\Karim Amr\source\repos\main\main\main.cpp(1084,97): warning C4838: conversion from 'int' to 'float' requires a narrowing conversion
C:\Users\Karim Amr\source\repos\main\main\main.cpp(1084,97): warning C4244: 'initializing': conversion from 'int' to 'float', possible loss of data
C:\Users\Karim Amr\source\repos\main\main\main.cpp(1088,67): warning C4838: conversion from 'int' to 'float' requires a narrowing conversion
C:\Users\Karim Amr\source\repos\main\main\main.cpp(1088,67): warning C4244: 'initializing': conversion from 'int' to 'float', possible loss of data
C:\Users\Karim Amr\source\repos\main\main\main.cpp(1088,92): warning C4838: conversion from 'int' to 'float' requires a narrowing conversion
C:\Users\Karim Amr\source\repos\main\main\main.cpp(1088,92): warning C4244: 'initializing': conversion from 'int' to 'float', possible loss of data
C:\Users\Karim Amr\source\repos\main\main\main.cpp(1248,58): warning C4244: '=': conversion from 'double' to 'float', possible loss of data
C:\Users\Karim Amr\source\repos\main\main\main.cpp(1318,70): warning C4838: conversion from 'int' to 'float' requires a narrowing conversion
C:\Users\Karim Amr\source\repos\main\main\main.cpp(1318,70): warning C4244: 'initializing': conversion from 'int' to 'float', possible loss of data
C:\Users\Karim Amr\source\repos\main\main\main.cpp(1318,94): warning C4838: conversion from 'int' to 'float' requires a narrowing conversion
C:\Users\Karim Amr\source\repos\main\main\main.cpp(1318,94): warning C4244: 'initializing': conversion from 'int' to 'float', possible loss of data
C:\Users\Karim Amr\source\repos\main\main\main.cpp(1325,57): warning C4244: 'argument': conversion from 'float' to 'int', possible loss of data
C:\Users\Karim Amr\source\repos\main\main\main.cpp(1325,49): warning C4244: 'argument': conversion from 'float' to 'int', possible loss of data
C:\Users\Karim Amr\source\repos\main\main\main.cpp(1329,57): warning C4244: 'argument': conversion from 'float' to 'int', possible loss of data
C:\Users\Karim Amr\source\repos\main\main\main.cpp(1329,49): warning C4244: 'argument': conversion from 'float' to 'int', possible loss of data
C:\Users\Karim Amr\source\repos\main\main\main.cpp(1364,72): warning C4838: conversion from 'int' to 'float' requires a narrowing conversion
C:\Users\Karim Amr\source\repos\main\main\main.cpp(1364,72): warning C4244: 'initializing': conversion from 'int' to 'float', possible loss of data
C:\Users\Karim Amr\source\repos\main\main\main.cpp(1364,97): warning C4838: conversion from 'int' to 'float' requires a narrowing conversion
C:\Users\Karim Amr\source\repos\main\main\main.cpp(1364,97): warning C4244: 'initializing': conversion from 'int' to 'float', possible loss of data
C:\Users\Karim Amr\source\repos\main\main\main.cpp(1368,67): warning C4838: conversion from 'int' to 'float' requires a narrowing conversion
C:\Users\Karim Amr\source\repos\main\main\main.cpp(1368,67): warning C4244: 'initializing': conversion from 'int' to 'float', possible loss of data
C:\Users\Karim Amr\source\repos\main\main\main.cpp(1368,92): warning C4838: conversion from 'int' to 'float' requires a narrowing conversion
C:\Users\Karim Amr\source\repos\main\main\main.cpp(1368,92): warning C4244: 'initializing': conversion from 'int' to 'float', possible loss of data
  main.vcxproj -> C:\Users\Karim Amr\source\repos\main\x64\Debug\main.exe
  'pwsh.exe' is not recognized as an internal or external command,
  operable program or batch file.
